<?xml version="1.0" encoding="UTF-8"?>
<!-- Generated by org.testng.reporters.JUnitReportReporter -->
<testsuite hostname="DESKTOP-8M2LK81" failures="0" tests="1" name="com.saucedemo.TestClasses.practiceclass" time="0.027" errors="0" timestamp="2024-01-24T14:47:26 IST" skipped="0">
  <testcase classname="com.saucedemo.TestClasses.practiceclass" name="method1" time="0.027"/>
</testsuite> <!-- com.saucedemo.TestClasses.practiceclass -->
