<?xml version="1.0" encoding="UTF-8"?>
<!-- Generated by org.testng.reporters.JUnitReportReporter -->
<testsuite hostname="DESKTOP-8M2LK81" failures="0" tests="1" name="com.saucedemo.TestClasses.VerifyLoginFunctionality" time="12.928" errors="0" timestamp="2024-02-06T14:34:01 IST" skipped="0">
  <testcase classname="com.saucedemo.TestClasses.VerifyLoginFunctionality" name="loginfunctionality" time="12.928"/>
</testsuite> <!-- com.saucedemo.TestClasses.VerifyLoginFunctionality -->
